
== attn-only ==   step  train   test
  2000   1.000  0.025
  4000   1.000  0.024
  6000   1.000  0.023
  8000   1.000  0.024
 10000   1.000  0.025
 12000   1.000  0.025
 14000   1.000  0.025
 16000   1.000  0.026
 18000   1.000  0.026
 20000   1.000  0.026

== shared (mechanism-dropout) ==   step  train   test
  2000   1.000  0.026
  4000   1.000  0.025
  6000   1.000  0.025
  8000   1.000  0.025
 10000   1.000  0.025
 12000   1.000  0.025
 14000   1.000  0.025
 16000   1.000  0.025
 18000   1.000  0.026
 20000   1.000  0.026

FINAL held-out TEST @attn:  attn-only=0.026  shared=0.026  delta=-0.001
